<?xml version="1.0" encoding="UTF-8"?>
<testExecutions version="1">
  <file path="/Users/portatlas/Documents/ref/nextjs-graphql/pages/__tests__/index.test.js">
  </file>
</testExecutions>